# JRE version: OpenJDK Runtime Environment (17.0.6) (build 17.0.6+0-b2043.56-9586694)
# Java VM: OpenJDK 64-Bit Server VM (17.0.6+0-b2043.56-9586694, mixed mode, tiered, compressed oops, compressed class ptrs, g1 gc, windows-amd64)
GC Precious Log:
 CPUs: 8 total, 8 available
 Memory: 8089M
 Large Page Support: Disabled
 NUMA Support: Disabled
 Compressed Oops: Enabled (32-bit)
 Heap Region Size: 1M
 Heap Min Capacity: 8M
 Heap Initial Capacity: 128M
 Heap Max Capacity: 2G
 Pre-touch: Disabled
 Parallel Workers: 8
 Concurrent Workers: 2
 Concurrent Refinement Workers: 8
 Periodic GC: Disabled
Heap:
 garbage-first heap   total 439296K, used 325303K [0x0000000080000000, 0x0000000100000000)
  region size 1024K, 138 young (141312K), 12 survivors (12288K)
 Metaspace       used 113132K, committed 113920K, reserved 1155072K
  class space    used 15521K, committed 15872K, reserved 1048576K
GC Heap History (20 events):
Event: 34.582 GC heap before
{Heap before GC invocations=64 (full 0):
 garbage-first heap   total 439296K, used 366788K [0x0000000080000000, 0x0000000100000000)
  region size 1024K, 182 young (186368K), 9 survivors (9216K)
 Metaspace       used 112546K, committed 113280K, reserved 1146880K
  class space    used 15505K, committed 15808K, reserved 1048576K
}
Event: 34.599 GC heap after
{Heap after GC invocations=65 (full 0):
 garbage-first heap   total 439296K, used 191192K [0x0000000080000000, 0x0000000100000000)
  region size 1024K, 10 young (10240K), 10 survivors (10240K)
 Metaspace       used 112546K, committed 113280K, reserved 1146880K
  class space    used 15505K, committed 15808K, reserved 1048576K
}
Event: 35.056 GC heap before
{Heap before GC invocations=65 (full 0):
 garbage-first heap   total 439296K, used 370392K [0x0000000080000000, 0x0000000100000000)
  region size 1024K, 185 young (189440K), 10 survivors (10240K)
 Metaspace       used 112643K, committed 113408K, reserved 1155072K
  class space    used 15508K, committed 15872K, reserved 1048576K
}
Event: 35.069 GC heap after
{Heap after GC invocations=66 (full 0):
 garbage-first heap   total 439296K, used 193463K [0x0000000080000000, 0x0000000100000000)
  region size 1024K, 13 young (13312K), 13 survivors (13312K)
 Metaspace       used 112643K, committed 113408K, reserved 1155072K
  class space    used 15508K, committed 15872K, reserved 1048576K
}
Event: 35.554 GC heap before
{Heap before GC invocations=66 (full 0):
 garbage-first heap   total 439296K, used 371639K [0x0000000080000000, 0x0000000100000000)
  region size 1024K, 187 young (191488K), 13 survivors (13312K)
 Metaspace       used 112710K, committed 113472K, reserved 1155072K
  class space    used 15512K, committed 15872K, reserved 1048576K
}
Event: 35.568 GC heap after
{Heap after GC invocations=67 (full 0):
 garbage-first heap   total 439296K, used 194822K [0x0000000080000000, 0x0000000100000000)
  region size 1024K, 14 young (14336K), 14 survivors (14336K)
 Metaspace       used 112710K, committed 113472K, reserved 1155072K
  class space    used 15512K, committed 15872K, reserved 1048576K
}
Event: 35.984 GC heap before
{Heap before GC invocations=67 (full 0):
 garbage-first heap   total 439296K, used 375046K [0x0000000080000000, 0x0000000100000000)
  region size 1024K, 190 young (194560K), 14 survivors (14336K)
 Metaspace       used 112862K, committed 113664K, reserved 1155072K
  class space    used 15512K, committed 15872K, reserved 1048576K
}
Event: 36.001 GC heap after
{Heap after GC invocations=68 (full 0):
 garbage-first heap   total 439296K, used 195497K [0x0000000080000000, 0x0000000100000000)
  region size 1024K, 14 young (14336K), 14 survivors (14336K)
 Metaspace       used 112862K, committed 113664K, reserved 1155072K
  class space    used 15512K, committed 15872K, reserved 1048576K
}
Event: 36.306 GC heap before
{Heap before GC invocations=68 (full 0):
 garbage-first heap   total 439296K, used 376745K [0x0000000080000000, 0x0000000100000000)
  region size 1024K, 191 young (195584K), 14 survivors (14336K)
 Metaspace       used 112924K, committed 113728K, reserved 1155072K
  class space    used 15513K, committed 15872K, reserved 1048576K
}
Event: 36.316 GC heap after
{Heap after GC invocations=69 (full 0):
 garbage-first heap   total 439296K, used 194346K [0x0000000080000000, 0x0000000100000000)
  region size 1024K, 9 young (9216K), 9 survivors (9216K)
 Metaspace       used 112924K, committed 113728K, reserved 1155072K
  class space    used 15513K, committed 15872K, reserved 1048576K
}
Event: 36.596 GC heap before
{Heap before GC invocations=69 (full 0):
 garbage-first heap   total 439296K, used 377642K [0x0000000080000000, 0x0000000100000000)
  region size 1024K, 189 young (193536K), 9 survivors (9216K)
 Metaspace       used 112976K, committed 113728K, reserved 1155072K
  class space    used 15517K, committed 15872K, reserved 1048576K
}
Event: 36.605 GC heap after
{Heap after GC invocations=70 (full 0):
 garbage-first heap   total 439296K, used 193226K [0x0000000080000000, 0x0000000100000000)
  region size 1024K, 8 young (8192K), 8 survivors (8192K)
 Metaspace       used 112976K, committed 113728K, reserved 1155072K
  class space    used 15517K, committed 15872K, reserved 1048576K
}
Event: 36.868 GC heap before
{Heap before GC invocations=70 (full 0):
 garbage-first heap   total 439296K, used 381642K [0x0000000080000000, 0x0000000100000000)
  region size 1024K, 192 young (196608K), 8 survivors (8192K)
 Metaspace       used 112991K, committed 113792K, reserved 1155072K
  class space    used 15517K, committed 15872K, reserved 1048576K
}
Event: 36.878 GC heap after
{Heap after GC invocations=71 (full 0):
 garbage-first heap   total 439296K, used 193534K [0x0000000080000000, 0x0000000100000000)
  region size 1024K, 8 young (8192K), 8 survivors (8192K)
 Metaspace       used 112991K, committed 113792K, reserved 1155072K
  class space    used 15517K, committed 15872K, reserved 1048576K
}
Event: 37.134 GC heap before
{Heap before GC invocations=71 (full 0):
 garbage-first heap   total 439296K, used 383998K [0x0000000080000000, 0x0000000100000000)
  region size 1024K, 194 young (198656K), 8 survivors (8192K)
 Metaspace       used 112996K, committed 113792K, reserved 1155072K
  class space    used 15518K, committed 15872K, reserved 1048576K
}
Event: 37.143 GC heap after
{Heap after GC invocations=72 (full 0):
 garbage-first heap   total 439296K, used 193890K [0x0000000080000000, 0x0000000100000000)
  region size 1024K, 8 young (8192K), 8 survivors (8192K)
 Metaspace       used 112996K, committed 113792K, reserved 1155072K
  class space    used 15518K, committed 15872K, reserved 1048576K
}
Event: 37.450 GC heap before
{Heap before GC invocations=72 (full 0):
 garbage-first heap   total 439296K, used 385378K [0x0000000080000000, 0x0000000100000000)
  region size 1024K, 195 young (199680K), 8 survivors (8192K)
 Metaspace       used 113066K, committed 113856K, reserved 1155072K
  class space    used 15518K, committed 15872K, reserved 1048576K
}
Event: 37.460 GC heap after
{Heap after GC invocations=73 (full 0):
 garbage-first heap   total 439296K, used 194926K [0x0000000080000000, 0x0000000100000000)
  region size 1024K, 9 young (9216K), 9 survivors (9216K)
 Metaspace       used 113066K, committed 113856K, reserved 1155072K
  class space    used 15518K, committed 15872K, reserved 1048576K
}
Event: 37.775 GC heap before
{Heap before GC invocations=73 (full 0):
 garbage-first heap   total 439296K, used 385390K [0x0000000080000000, 0x0000000100000000)
  region size 1024K, 195 young (199680K), 9 survivors (9216K)
 Metaspace       used 113124K, committed 113920K, reserved 1155072K
  class space    used 15519K, committed 15872K, reserved 1048576K
}
Event: 37.787 GC heap after
{Heap after GC invocations=74 (full 0):
 garbage-first heap   total 439296K, used 197303K [0x0000000080000000, 0x0000000100000000)
  region size 1024K, 12 young (12288K), 12 survivors (12288K)
 Metaspace       used 113124K, committed 113920K, reserved 1155072K
  class space    used 15519K, committed 15872K, reserved 1048576K
}

